<?xml version="1.0" encoding="UTF-8"?>
<!-- Generated by org.testng.reporters.JUnitReportReporter -->
<testsuite hostname="LSTKTR233619" failures="0" tests="1" name="tests.LogInTest" time="9.646" errors="0" timestamp="2022-04-06T20:17:07 CDT" skipped="0">
  <testcase classname="tests.LogInTest" name="LogInAttempt" time="9.646"/>
  <system-out/>
</testsuite> <!-- tests.LogInTest -->
