<?xml version="1.0" encoding="UTF-8"?>
<!-- Generated by org.testng.reporters.JUnitReportReporter -->
<testsuite hostname="LSTKMY233624" failures="0" tests="1" name="tests.ExampleTest" time="9.694" errors="0" timestamp="2022-04-06T15:05:31 CDT" skipped="0">
  <testcase classname="tests.ExampleTest" name="f" time="9.694"/>
  <system-out/>
</testsuite> <!-- tests.ExampleTest -->
