<?xml version="1.0" encoding="UTF-8"?>
<!-- Generated by org.testng.reporters.JUnitReportReporter -->
<testsuite hostname="LSTKTR233619" failures="0" tests="1" name="tests.WishlistTest" time="2.102" errors="0" timestamp="2022-04-06T20:11:36 CDT" skipped="0">
  <testcase classname="tests.WishlistTest" name="addToWishlist" time="2.102"/>
  <system-out/>
</testsuite> <!-- tests.WishlistTest -->
